<?xml version="1.0" encoding="UTF-8"?>
<testng-results ignored="0" total="1" passed="1" failed="0" skipped="0">
  <reporter-output>
  </reporter-output>
  <suite started-at="2023-09-22T03:10:40 IST" name="Default suite" finished-at="2023-09-22T03:10:48 IST" duration-ms="8036">
    <groups>
    </groups>
    <test started-at="2023-09-22T03:10:40 IST" name="Default test" finished-at="2023-09-22T03:10:48 IST" duration-ms="8036">
      <class name="BrowserClass">
        <test-method signature="launchBrowser()[pri:0, instance:BrowserClass@6f53b8a]" started-at="2023-09-22T03:10:40 IST" name="launchBrowser" finished-at="2023-09-22T03:10:48 IST" duration-ms="7960" status="PASS">
          <reporter-output>
          </reporter-output>
        </test-method> <!-- launchBrowser -->
      </class> <!-- BrowserClass -->
    </test> <!-- Default test -->
  </suite> <!-- Default suite -->
</testng-results>
